mode: set
github.com/jumaevkova04/wallet/pkg/wallet/service.go:37.78,38.37 1 1
github.com/jumaevkova04/wallet/pkg/wallet/service.go:43.2,51.21 4 1
github.com/jumaevkova04/wallet/pkg/wallet/service.go:38.37,39.29 1 1
github.com/jumaevkova04/wallet/pkg/wallet/service.go:39.29,41.4 1 0
github.com/jumaevkova04/wallet/pkg/wallet/service.go:55.70,56.17 1 1
github.com/jumaevkova04/wallet/pkg/wallet/service.go:60.2,61.33 2 1
github.com/jumaevkova04/wallet/pkg/wallet/service.go:67.2,67.20 1 1
github.com/jumaevkova04/wallet/pkg/wallet/service.go:72.2,73.12 2 1
github.com/jumaevkova04/wallet/pkg/wallet/service.go:56.17,58.3 1 0
github.com/jumaevkova04/wallet/pkg/wallet/service.go:61.33,62.26 1 1
github.com/jumaevkova04/wallet/pkg/wallet/service.go:62.26,64.9 2 1
github.com/jumaevkova04/wallet/pkg/wallet/service.go:67.20,69.3 1 0
github.com/jumaevkova04/wallet/pkg/wallet/service.go:77.116,78.17 1 1
github.com/jumaevkova04/wallet/pkg/wallet/service.go:81.2,82.33 2 1
github.com/jumaevkova04/wallet/pkg/wallet/service.go:89.2,89.20 1 1
github.com/jumaevkova04/wallet/pkg/wallet/service.go:93.2,93.30 1 1
github.com/jumaevkova04/wallet/pkg/wallet/service.go:97.2,108.21 5 1
github.com/jumaevkova04/wallet/pkg/wallet/service.go:78.17,80.3 1 0
github.com/jumaevkova04/wallet/pkg/wallet/service.go:82.33,83.26 1 1
github.com/jumaevkova04/wallet/pkg/wallet/service.go:83.26,85.9 2 1
github.com/jumaevkova04/wallet/pkg/wallet/service.go:89.20,91.3 1 0
github.com/jumaevkova04/wallet/pkg/wallet/service.go:93.30,95.3 1 0
github.com/jumaevkova04/wallet/pkg/wallet/service.go:112.76,113.37 1 1
github.com/jumaevkova04/wallet/pkg/wallet/service.go:118.2,118.32 1 0
github.com/jumaevkova04/wallet/pkg/wallet/service.go:113.37,114.30 1 1
github.com/jumaevkova04/wallet/pkg/wallet/service.go:114.30,116.4 1 1
github.com/jumaevkova04/wallet/pkg/wallet/service.go:122.77,123.37 1 1
github.com/jumaevkova04/wallet/pkg/wallet/service.go:128.2,128.32 1 1
github.com/jumaevkova04/wallet/pkg/wallet/service.go:123.37,124.30 1 1
github.com/jumaevkova04/wallet/pkg/wallet/service.go:124.30,126.4 1 1
github.com/jumaevkova04/wallet/pkg/wallet/service.go:132.50,135.16 2 1
github.com/jumaevkova04/wallet/pkg/wallet/service.go:139.2,140.16 2 1
github.com/jumaevkova04/wallet/pkg/wallet/service.go:144.2,146.12 3 1
github.com/jumaevkova04/wallet/pkg/wallet/service.go:135.16,137.3 1 0
github.com/jumaevkova04/wallet/pkg/wallet/service.go:140.16,142.3 1 0
github.com/jumaevkova04/wallet/pkg/wallet/service.go:150.68,152.16 2 1
github.com/jumaevkova04/wallet/pkg/wallet/service.go:156.2,156.25 1 1
github.com/jumaevkova04/wallet/pkg/wallet/service.go:159.2,160.33 2 1
github.com/jumaevkova04/wallet/pkg/wallet/service.go:167.2,167.20 1 1
github.com/jumaevkova04/wallet/pkg/wallet/service.go:171.2,171.38 1 1
github.com/jumaevkova04/wallet/pkg/wallet/service.go:175.2,186.21 5 1
github.com/jumaevkova04/wallet/pkg/wallet/service.go:152.16,154.3 1 0
github.com/jumaevkova04/wallet/pkg/wallet/service.go:156.25,158.3 1 0
github.com/jumaevkova04/wallet/pkg/wallet/service.go:160.33,161.34 1 1
github.com/jumaevkova04/wallet/pkg/wallet/service.go:161.34,163.9 2 1
github.com/jumaevkova04/wallet/pkg/wallet/service.go:167.20,169.3 1 0
github.com/jumaevkova04/wallet/pkg/wallet/service.go:171.38,173.3 1 0
github.com/jumaevkova04/wallet/pkg/wallet/service.go:190.91,192.16 2 1
github.com/jumaevkova04/wallet/pkg/wallet/service.go:196.2,196.25 1 1
github.com/jumaevkova04/wallet/pkg/wallet/service.go:199.2,200.33 2 1
github.com/jumaevkova04/wallet/pkg/wallet/service.go:207.2,207.20 1 1
github.com/jumaevkova04/wallet/pkg/wallet/service.go:211.2,211.38 1 1
github.com/jumaevkova04/wallet/pkg/wallet/service.go:215.2,225.22 5 1
github.com/jumaevkova04/wallet/pkg/wallet/service.go:192.16,194.3 1 0
github.com/jumaevkova04/wallet/pkg/wallet/service.go:196.25,198.3 1 0
github.com/jumaevkova04/wallet/pkg/wallet/service.go:200.33,201.34 1 1
github.com/jumaevkova04/wallet/pkg/wallet/service.go:201.34,203.9 2 1
github.com/jumaevkova04/wallet/pkg/wallet/service.go:207.20,209.3 1 0
github.com/jumaevkova04/wallet/pkg/wallet/service.go:211.38,213.3 1 0
github.com/jumaevkova04/wallet/pkg/wallet/service.go:229.80,230.39 1 1
github.com/jumaevkova04/wallet/pkg/wallet/service.go:235.2,235.33 1 0
github.com/jumaevkova04/wallet/pkg/wallet/service.go:230.39,231.32 1 1
github.com/jumaevkova04/wallet/pkg/wallet/service.go:231.32,233.4 1 1
github.com/jumaevkova04/wallet/pkg/wallet/service.go:239.78,241.16 2 1
github.com/jumaevkova04/wallet/pkg/wallet/service.go:245.2,245.26 1 1
github.com/jumaevkova04/wallet/pkg/wallet/service.go:248.2,249.33 2 1
github.com/jumaevkova04/wallet/pkg/wallet/service.go:256.2,256.20 1 1
github.com/jumaevkova04/wallet/pkg/wallet/service.go:260.2,260.39 1 1
github.com/jumaevkova04/wallet/pkg/wallet/service.go:264.2,275.21 5 1
github.com/jumaevkova04/wallet/pkg/wallet/service.go:241.16,243.3 1 0
github.com/jumaevkova04/wallet/pkg/wallet/service.go:245.26,247.3 1 0
github.com/jumaevkova04/wallet/pkg/wallet/service.go:249.33,250.35 1 1
github.com/jumaevkova04/wallet/pkg/wallet/service.go:250.35,252.9 2 1
github.com/jumaevkova04/wallet/pkg/wallet/service.go:256.20,258.3 1 0
github.com/jumaevkova04/wallet/pkg/wallet/service.go:260.39,262.3 1 0
